2022-08-08 17:06:34 783  [main] INFO  cn.edu.cumt.ec.shop.ShopApplication - [org.springframework.boot.StartupInfoLogger : logStarting : 55] - Starting ShopApplication using Java 1.8.0_333 on LAPTOP-CP4AU0H7 with PID 10200 (D:\电子商务课件\m09641\Example\example-java\target\classes started by 86176 in D:\电子商务课件\m09641\Example\example-java)
2022-08-08 17:06:34 785  [main] DEBUG cn.edu.cumt.ec.shop.ShopApplication - [org.springframework.boot.StartupInfoLogger : logStarting : 56] - Running with Spring Boot v2.6.7, Spring v5.3.19
2022-08-08 17:06:34 786  [main] INFO  cn.edu.cumt.ec.shop.ShopApplication - [org.springframework.boot.SpringApplication : logStartupProfileInfo : 640] - No active profile set, falling back to 1 default profile: "default"
2022-08-08 17:06:35 1920 [main] INFO  o.s.d.r.c.RepositoryConfigurationDelegate - [org.springframework.data.repository.config.RepositoryConfigurationDelegate : multipleStoresDetected : 262] - Multiple Spring Data modules found, entering strict repository configuration mode!
2022-08-08 17:06:35 1923 [main] INFO  o.s.d.r.c.RepositoryConfigurationDelegate - [org.springframework.data.repository.config.RepositoryConfigurationDelegate : registerRepositoriesIn : 132] - Bootstrapping Spring Data Redis repositories in DEFAULT mode.
2022-08-08 17:06:35 1962 [main] INFO  o.s.d.r.c.RepositoryConfigurationDelegate - [org.springframework.data.repository.config.RepositoryConfigurationDelegate : registerRepositoriesIn : 201] - Finished Spring Data repository scanning in 20 ms. Found 0 Redis repository interfaces.
2022-08-08 17:06:36 2636 [main] INFO  o.s.b.w.e.tomcat.TomcatWebServer - [org.springframework.boot.web.embedded.tomcat.TomcatWebServer : initialize : 108] - Tomcat initialized with port(s): 9090 (http)
2022-08-08 17:06:36 2647 [main] INFO  o.a.coyote.http11.Http11NioProtocol - [org.apache.juli.logging.DirectJDKLog : log : 173] - Initializing ProtocolHandler ["http-nio-9090"]
2022-08-08 17:06:36 2648 [main] INFO  o.a.catalina.core.StandardService - [org.apache.juli.logging.DirectJDKLog : log : 173] - Starting service [Tomcat]
2022-08-08 17:06:36 2648 [main] INFO  o.a.catalina.core.StandardEngine - [org.apache.juli.logging.DirectJDKLog : log : 173] - Starting Servlet engine: [Apache Tomcat/9.0.62]
2022-08-08 17:06:36 2954 [main] INFO  o.a.c.c.C.[Tomcat].[localhost].[/] - [org.apache.juli.logging.DirectJDKLog : log : 173] - Initializing Spring embedded WebApplicationContext
2022-08-08 17:06:36 2955 [main] INFO  o.s.b.w.s.c.ServletWebServerApplicationContext - [org.springframework.boot.web.servlet.context.ServletWebServerApplicationContext : prepareWebApplicationContext : 290] - Root WebApplicationContext: initialization completed in 2127 ms
2022-08-08 17:06:37 3515 [main] WARN  c.b.m.core.metadata.TableInfoHelper - [com.baomidou.mybatisplus.core.metadata.TableInfoHelper : initTableFields : 333] - Can not find table primary key in Class: "cn.edu.cumt.ec.shop.entity.Product".
2022-08-08 17:06:37 3515 [main] WARN  c.b.m.c.injector.DefaultSqlInjector - [com.baomidou.mybatisplus.core.injector.DefaultSqlInjector : getMethodList : 57] - class cn.edu.cumt.ec.shop.entity.Product ,Not found @TableId annotation, Cannot use Mybatis-Plus 'xxById' Method.
2022-08-08 17:06:38 4827 [main] DEBUG c.e.c.e.s.s.JwtAuthenticationTokenFilter - [org.springframework.web.filter.GenericFilterBean : init : 242] - Filter 'jwtAuthenticationTokenFilter' configured for use
2022-08-08 17:06:39 5411 [main] WARN  o.s.s.c.a.web.builders.WebSecurity - [org.springframework.security.config.annotation.web.builders.WebSecurity : performBuild : 294] - You are asking Spring Security to ignore Ant [pattern='/doc.html']. This is not recommended -- please use permitAll via HttpSecurity#authorizeHttpRequests instead.
2022-08-08 17:06:39 5412 [main] INFO  o.s.s.w.DefaultSecurityFilterChain - [org.springframework.security.web.DefaultSecurityFilterChain : <init> : 52] - Will not secure Ant [pattern='/doc.html']
2022-08-08 17:06:39 5413 [main] WARN  o.s.s.c.a.web.builders.WebSecurity - [org.springframework.security.config.annotation.web.builders.WebSecurity : performBuild : 294] - You are asking Spring Security to ignore Ant [pattern='/swagger-ui.html']. This is not recommended -- please use permitAll via HttpSecurity#authorizeHttpRequests instead.
2022-08-08 17:06:39 5413 [main] INFO  o.s.s.w.DefaultSecurityFilterChain - [org.springframework.security.web.DefaultSecurityFilterChain : <init> : 52] - Will not secure Ant [pattern='/swagger-ui.html']
2022-08-08 17:06:39 5414 [main] WARN  o.s.s.c.a.web.builders.WebSecurity - [org.springframework.security.config.annotation.web.builders.WebSecurity : performBuild : 294] - You are asking Spring Security to ignore Ant [pattern='/swagger-ui/*']. This is not recommended -- please use permitAll via HttpSecurity#authorizeHttpRequests instead.
2022-08-08 17:06:39 5414 [main] INFO  o.s.s.w.DefaultSecurityFilterChain - [org.springframework.security.web.DefaultSecurityFilterChain : <init> : 52] - Will not secure Ant [pattern='/swagger-ui/*']
2022-08-08 17:06:39 5414 [main] WARN  o.s.s.c.a.web.builders.WebSecurity - [org.springframework.security.config.annotation.web.builders.WebSecurity : performBuild : 294] - You are asking Spring Security to ignore Ant [pattern='/swagger-resources/**']. This is not recommended -- please use permitAll via HttpSecurity#authorizeHttpRequests instead.
2022-08-08 17:06:39 5414 [main] INFO  o.s.s.w.DefaultSecurityFilterChain - [org.springframework.security.web.DefaultSecurityFilterChain : <init> : 52] - Will not secure Ant [pattern='/swagger-resources/**']
2022-08-08 17:06:39 5414 [main] WARN  o.s.s.c.a.web.builders.WebSecurity - [org.springframework.security.config.annotation.web.builders.WebSecurity : performBuild : 294] - You are asking Spring Security to ignore Ant [pattern='/v2/api-docs']. This is not recommended -- please use permitAll via HttpSecurity#authorizeHttpRequests instead.
2022-08-08 17:06:39 5414 [main] INFO  o.s.s.w.DefaultSecurityFilterChain - [org.springframework.security.web.DefaultSecurityFilterChain : <init> : 52] - Will not secure Ant [pattern='/v2/api-docs']
2022-08-08 17:06:39 5414 [main] WARN  o.s.s.c.a.web.builders.WebSecurity - [org.springframework.security.config.annotation.web.builders.WebSecurity : performBuild : 294] - You are asking Spring Security to ignore Ant [pattern='/v3/api-docs']. This is not recommended -- please use permitAll via HttpSecurity#authorizeHttpRequests instead.
2022-08-08 17:06:39 5414 [main] INFO  o.s.s.w.DefaultSecurityFilterChain - [org.springframework.security.web.DefaultSecurityFilterChain : <init> : 52] - Will not secure Ant [pattern='/v3/api-docs']
2022-08-08 17:06:39 5415 [main] WARN  o.s.s.c.a.web.builders.WebSecurity - [org.springframework.security.config.annotation.web.builders.WebSecurity : performBuild : 294] - You are asking Spring Security to ignore Ant [pattern='/webjars/**']. This is not recommended -- please use permitAll via HttpSecurity#authorizeHttpRequests instead.
2022-08-08 17:06:39 5415 [main] INFO  o.s.s.w.DefaultSecurityFilterChain - [org.springframework.security.web.DefaultSecurityFilterChain : <init> : 52] - Will not secure Ant [pattern='/webjars/**']
2022-08-08 17:06:39 5415 [main] WARN  o.s.s.c.a.web.builders.WebSecurity - [org.springframework.security.config.annotation.web.builders.WebSecurity : performBuild : 294] - You are asking Spring Security to ignore Ant [pattern='/favicon.ico']. This is not recommended -- please use permitAll via HttpSecurity#authorizeHttpRequests instead.
2022-08-08 17:06:39 5415 [main] INFO  o.s.s.w.DefaultSecurityFilterChain - [org.springframework.security.web.DefaultSecurityFilterChain : <init> : 52] - Will not secure Ant [pattern='/favicon.ico']
2022-08-08 17:06:39 5415 [main] WARN  o.s.s.c.a.web.builders.WebSecurity - [org.springframework.security.config.annotation.web.builders.WebSecurity : performBuild : 294] - You are asking Spring Security to ignore Ant [pattern='/**/*.html']. This is not recommended -- please use permitAll via HttpSecurity#authorizeHttpRequests instead.
2022-08-08 17:06:39 5415 [main] INFO  o.s.s.w.DefaultSecurityFilterChain - [org.springframework.security.web.DefaultSecurityFilterChain : <init> : 52] - Will not secure Ant [pattern='/**/*.html']
2022-08-08 17:06:39 5415 [main] WARN  o.s.s.c.a.web.builders.WebSecurity - [org.springframework.security.config.annotation.web.builders.WebSecurity : performBuild : 294] - You are asking Spring Security to ignore Ant [pattern='/**/*.js']. This is not recommended -- please use permitAll via HttpSecurity#authorizeHttpRequests instead.
2022-08-08 17:06:39 5415 [main] INFO  o.s.s.w.DefaultSecurityFilterChain - [org.springframework.security.web.DefaultSecurityFilterChain : <init> : 52] - Will not secure Ant [pattern='/**/*.js']
2022-08-08 17:06:39 5416 [main] WARN  o.s.s.c.a.web.builders.WebSecurity - [org.springframework.security.config.annotation.web.builders.WebSecurity : performBuild : 294] - You are asking Spring Security to ignore Ant [pattern='/**.json']. This is not recommended -- please use permitAll via HttpSecurity#authorizeHttpRequests instead.
2022-08-08 17:06:39 5416 [main] INFO  o.s.s.w.DefaultSecurityFilterChain - [org.springframework.security.web.DefaultSecurityFilterChain : <init> : 52] - Will not secure Ant [pattern='/**.json']
2022-08-08 17:06:39 5416 [main] WARN  o.s.s.c.a.web.builders.WebSecurity - [org.springframework.security.config.annotation.web.builders.WebSecurity : performBuild : 294] - You are asking Spring Security to ignore Ant [pattern='/**/*.css']. This is not recommended -- please use permitAll via HttpSecurity#authorizeHttpRequests instead.
2022-08-08 17:06:39 5416 [main] INFO  o.s.s.w.DefaultSecurityFilterChain - [org.springframework.security.web.DefaultSecurityFilterChain : <init> : 52] - Will not secure Ant [pattern='/**/*.css']
2022-08-08 17:06:39 5416 [main] WARN  o.s.s.c.a.web.builders.WebSecurity - [org.springframework.security.config.annotation.web.builders.WebSecurity : performBuild : 294] - You are asking Spring Security to ignore Ant [pattern='/**/*.jpg']. This is not recommended -- please use permitAll via HttpSecurity#authorizeHttpRequests instead.
2022-08-08 17:06:39 5416 [main] INFO  o.s.s.w.DefaultSecurityFilterChain - [org.springframework.security.web.DefaultSecurityFilterChain : <init> : 52] - Will not secure Ant [pattern='/**/*.jpg']
2022-08-08 17:06:39 5416 [main] WARN  o.s.s.c.a.web.builders.WebSecurity - [org.springframework.security.config.annotation.web.builders.WebSecurity : performBuild : 294] - You are asking Spring Security to ignore Ant [pattern='/**/*.png']. This is not recommended -- please use permitAll via HttpSecurity#authorizeHttpRequests instead.
2022-08-08 17:06:39 5416 [main] INFO  o.s.s.w.DefaultSecurityFilterChain - [org.springframework.security.web.DefaultSecurityFilterChain : <init> : 52] - Will not secure Ant [pattern='/**/*.png']
2022-08-08 17:06:39 5443 [main] DEBUG o.s.s.w.a.e.ExpressionBasedFilterInvocationSecurityMetadataSource - [org.springframework.security.web.access.expression.ExpressionBasedFilterInvocationSecurityMetadataSource : process : 72] - Adding web access control expression [permitAll] for Ant [pattern='/auth/login']
2022-08-08 17:06:39 5445 [main] DEBUG o.s.s.w.a.e.ExpressionBasedFilterInvocationSecurityMetadataSource - [org.springframework.security.web.access.expression.ExpressionBasedFilterInvocationSecurityMetadataSource : process : 72] - Adding web access control expression [permitAll] for Ant [pattern='/auth/sign']
2022-08-08 17:06:39 5445 [main] DEBUG o.s.s.w.a.e.ExpressionBasedFilterInvocationSecurityMetadataSource - [org.springframework.security.web.access.expression.ExpressionBasedFilterInvocationSecurityMetadataSource : process : 72] - Adding web access control expression [permitAll] for Ant [pattern='/webjars/**']
2022-08-08 17:06:39 5445 [main] DEBUG o.s.s.w.a.e.ExpressionBasedFilterInvocationSecurityMetadataSource - [org.springframework.security.web.access.expression.ExpressionBasedFilterInvocationSecurityMetadataSource : process : 72] - Adding web access control expression [permitAll] for Ant [pattern='/error/**']
2022-08-08 17:06:39 5446 [main] DEBUG o.s.s.w.a.e.ExpressionBasedFilterInvocationSecurityMetadataSource - [org.springframework.security.web.access.expression.ExpressionBasedFilterInvocationSecurityMetadataSource : process : 72] - Adding web access control expression [permitAll] for cn.edu.cumt.ec.shop.config.WebConfig$$Lambda$770/698272400@ab2009f
2022-08-08 17:06:39 5446 [main] DEBUG o.s.s.w.a.e.ExpressionBasedFilterInvocationSecurityMetadataSource - [org.springframework.security.web.access.expression.ExpressionBasedFilterInvocationSecurityMetadataSource : process : 72] - Adding web access control expression [authenticated] for any request
2022-08-08 17:06:39 5452 [main] INFO  o.s.s.w.DefaultSecurityFilterChain - [org.springframework.security.web.DefaultSecurityFilterChain : <init> : 55] - Will secure any request with [org.springframework.security.web.context.request.async.WebAsyncManagerIntegrationFilter@492c8137, org.springframework.security.web.context.SecurityContextPersistenceFilter@54496c2d, org.springframework.security.web.header.HeaderWriterFilter@69d7bc1a, org.springframework.security.web.authentication.logout.LogoutFilter@4d8f2cfd, cn.edu.cumt.ec.shop.security.JwtAuthenticationTokenFilter@785a4557, org.springframework.security.web.savedrequest.RequestCacheAwareFilter@236b4a44, org.springframework.security.web.servletapi.SecurityContextHolderAwareRequestFilter@25dcf1b6, org.springframework.security.web.authentication.AnonymousAuthenticationFilter@420b55ed, org.springframework.security.web.session.SessionManagementFilter@21c99abf, org.springframework.security.web.access.ExceptionTranslationFilter@369a95a5, org.springframework.security.web.access.intercept.FilterSecurityInterceptor@ba0018e]
2022-08-08 17:06:40 6218 [main] INFO  o.a.coyote.http11.Http11NioProtocol - [org.apache.juli.logging.DirectJDKLog : log : 173] - Starting ProtocolHandler ["http-nio-9090"]
2022-08-08 17:06:40 6237 [main] INFO  o.s.b.w.e.tomcat.TomcatWebServer - [org.springframework.boot.web.embedded.tomcat.TomcatWebServer : start : 220] - Tomcat started on port(s): 9090 (http) with context path ''
2022-08-08 17:06:40 6421 [main] WARN  s.d.s.r.o.OperationImplicitParameterReader - [springfox.documentation.swagger.readers.operation.OperationImplicitParameterReader : modelSpecification : 170] - Unable to interpret the implicit parameter configuration with dataType: string, dataTypeClass: class java.lang.Void
2022-08-08 17:06:40 6435 [main] WARN  s.d.s.r.o.OperationImplicitParameterReader - [springfox.documentation.swagger.readers.operation.OperationImplicitParameterReader : modelSpecification : 170] - Unable to interpret the implicit parameter configuration with dataType: string, dataTypeClass: class java.lang.Void
2022-08-08 17:06:40 6583 [main] INFO  cn.edu.cumt.ec.shop.ShopApplication - [org.springframework.boot.StartupInfoLogger : logStarted : 61] - Started ShopApplication in 6.239 seconds (JVM running for 8.157)
2022-08-08 17:08:19 105812 [http-nio-9090-exec-1] INFO  o.a.c.c.C.[Tomcat].[localhost].[/] - [org.apache.juli.logging.DirectJDKLog : log : 173] - Initializing Spring DispatcherServlet 'dispatcherServlet'
2022-08-08 17:08:19 105813 [http-nio-9090-exec-1] INFO  o.s.web.servlet.DispatcherServlet - [org.springframework.web.servlet.FrameworkServlet : initServletBean : 525] - Initializing Servlet 'dispatcherServlet'
2022-08-08 17:08:19 105814 [http-nio-9090-exec-1] INFO  o.s.web.servlet.DispatcherServlet - [org.springframework.web.servlet.FrameworkServlet : initServletBean : 547] - Completed initialization in 1 ms
2022-08-08 17:08:19 105826 [http-nio-9090-exec-1] DEBUG o.s.security.web.FilterChainProxy - [org.springframework.security.web.FilterChainProxy : doFilterInternal : 208] - Securing OPTIONS /auth/login
2022-08-08 17:08:19 105830 [http-nio-9090-exec-1] DEBUG o.s.s.w.c.SecurityContextPersistenceFilter - [org.springframework.security.web.context.SecurityContextPersistenceFilter : doFilter : 102] - Set SecurityContextHolder to empty SecurityContext
2022-08-08 17:08:19 105844 [http-nio-9090-exec-1] INFO  c.e.c.e.s.s.JwtAuthenticationTokenFilter - [cn.edu.cumt.ec.shop.security.JwtAuthenticationTokenFilter : doFilterInternal : 69] - Checking authentication for userDetail null.
2022-08-08 17:08:19 105845 [http-nio-9090-exec-1] DEBUG o.s.s.w.a.AnonymousAuthenticationFilter - [org.springframework.security.web.authentication.AnonymousAuthenticationFilter : doFilter : 100] - Set SecurityContextHolder to anonymous SecurityContext
2022-08-08 17:08:19 105851 [http-nio-9090-exec-1] DEBUG o.s.s.w.a.i.FilterSecurityInterceptor - [org.springframework.security.access.intercept.AbstractSecurityInterceptor : beforeInvocation : 210] - Authorized filter invocation [OPTIONS /auth/login] with attributes [permitAll]
2022-08-08 17:08:19 105852 [http-nio-9090-exec-1] DEBUG o.s.security.web.FilterChainProxy - [org.springframework.security.web.FilterChainProxy$VirtualFilterChain : doFilter : 323] - Secured OPTIONS /auth/login
2022-08-08 17:08:19 105870 [http-nio-9090-exec-1] DEBUG o.s.s.w.c.SecurityContextPersistenceFilter - [org.springframework.security.web.context.SecurityContextPersistenceFilter : doFilter : 118] - Cleared SecurityContextHolder to complete request
2022-08-08 17:08:19 105874 [http-nio-9090-exec-2] DEBUG o.s.security.web.FilterChainProxy - [org.springframework.security.web.FilterChainProxy : doFilterInternal : 208] - Securing POST /auth/login
2022-08-08 17:08:19 105874 [http-nio-9090-exec-2] DEBUG o.s.s.w.c.SecurityContextPersistenceFilter - [org.springframework.security.web.context.SecurityContextPersistenceFilter : doFilter : 102] - Set SecurityContextHolder to empty SecurityContext
2022-08-08 17:08:19 105874 [http-nio-9090-exec-2] INFO  c.e.c.e.s.s.JwtAuthenticationTokenFilter - [cn.edu.cumt.ec.shop.security.JwtAuthenticationTokenFilter : doFilterInternal : 69] - Checking authentication for userDetail null.
2022-08-08 17:08:19 105874 [http-nio-9090-exec-2] DEBUG o.s.s.w.a.AnonymousAuthenticationFilter - [org.springframework.security.web.authentication.AnonymousAuthenticationFilter : doFilter : 100] - Set SecurityContextHolder to anonymous SecurityContext
2022-08-08 17:08:19 105875 [http-nio-9090-exec-2] DEBUG o.s.s.w.a.i.FilterSecurityInterceptor - [org.springframework.security.access.intercept.AbstractSecurityInterceptor : beforeInvocation : 210] - Authorized filter invocation [POST /auth/login] with attributes [permitAll]
2022-08-08 17:08:19 105875 [http-nio-9090-exec-2] DEBUG o.s.security.web.FilterChainProxy - [org.springframework.security.web.FilterChainProxy$VirtualFilterChain : doFilter : 323] - Secured POST /auth/login
2022-08-08 17:08:20 106145 [http-nio-9090-exec-2] INFO  com.zaxxer.hikari.HikariDataSource - [com.zaxxer.hikari.HikariDataSource : getConnection : 110] - HikariPool-1 - Starting...
2022-08-08 17:08:20 106816 [http-nio-9090-exec-2] INFO  com.zaxxer.hikari.HikariDataSource - [com.zaxxer.hikari.HikariDataSource : getConnection : 123] - HikariPool-1 - Start completed.
2022-08-08 17:08:20 106823 [http-nio-9090-exec-2] DEBUG c.e.c.e.s.m.U.getJwtUserByPhoneNumber - [org.apache.ibatis.logging.jdbc.BaseJdbcLogger : debug : 137] - ==>  Preparing: select user_id userId, phone_number phoneNumber, email, user_name userName, pwd password, creator_id creatorId, creator_name creatorName, created_datetime creatorDateime, modifier_id, modifier_name, updated_datetime, deleted from `user` where phone_number=?
2022-08-08 17:08:20 106845 [http-nio-9090-exec-2] DEBUG c.e.c.e.s.m.U.getJwtUserByPhoneNumber - [org.apache.ibatis.logging.jdbc.BaseJdbcLogger : debug : 137] - ==> Parameters: 13775899277(String)
2022-08-08 17:08:20 106880 [http-nio-9090-exec-2] DEBUG c.e.c.e.s.m.U.getJwtUserByPhoneNumber - [org.apache.ibatis.logging.jdbc.BaseJdbcLogger : debug : 137] - <==      Total: 1
2022-08-08 17:08:20 106885 [http-nio-9090-exec-2] DEBUG c.e.c.e.s.m.RoleMapper.listByUserId - [org.apache.ibatis.logging.jdbc.BaseJdbcLogger : debug : 137] - ==>  Preparing: select * from role r inner join user_role ur on r.role_id=ur.role_id where ur.user_id=?
2022-08-08 17:08:20 106886 [http-nio-9090-exec-2] DEBUG c.e.c.e.s.m.RoleMapper.listByUserId - [org.apache.ibatis.logging.jdbc.BaseJdbcLogger : debug : 137] - ==> Parameters: 1(Long)
2022-08-08 17:08:20 106899 [http-nio-9090-exec-2] DEBUG c.e.c.e.s.m.RoleMapper.listByUserId - [org.apache.ibatis.logging.jdbc.BaseJdbcLogger : debug : 137] - <==      Total: 1
2022-08-08 17:08:20 106965 [http-nio-9090-exec-2] DEBUG o.s.s.a.d.DaoAuthenticationProvider - [org.springframework.security.authentication.dao.AbstractUserDetailsAuthenticationProvider : createSuccessAuthentication : 199] - Authenticated user
2022-08-08 17:08:21 107968 [http-nio-9090-exec-2] DEBUG o.s.s.w.c.SecurityContextPersistenceFilter - [org.springframework.security.web.context.SecurityContextPersistenceFilter : doFilter : 118] - Cleared SecurityContextHolder to complete request
2022-08-08 17:08:22 108003 [http-nio-9090-exec-5] DEBUG o.s.security.web.FilterChainProxy - [org.springframework.security.web.FilterChainProxy : doFilterInternal : 208] - Securing OPTIONS /users/current/resources
2022-08-08 17:08:22 108004 [http-nio-9090-exec-5] DEBUG o.s.s.w.c.SecurityContextPersistenceFilter - [org.springframework.security.web.context.SecurityContextPersistenceFilter : doFilter : 102] - Set SecurityContextHolder to empty SecurityContext
2022-08-08 17:08:22 108004 [http-nio-9090-exec-5] INFO  c.e.c.e.s.s.JwtAuthenticationTokenFilter - [cn.edu.cumt.ec.shop.security.JwtAuthenticationTokenFilter : doFilterInternal : 69] - Checking authentication for userDetail null.
2022-08-08 17:08:22 108004 [http-nio-9090-exec-5] DEBUG o.s.s.w.a.AnonymousAuthenticationFilter - [org.springframework.security.web.authentication.AnonymousAuthenticationFilter : doFilter : 100] - Set SecurityContextHolder to anonymous SecurityContext
2022-08-08 17:08:22 108005 [http-nio-9090-exec-5] DEBUG o.s.s.w.a.i.FilterSecurityInterceptor - [org.springframework.security.access.intercept.AbstractSecurityInterceptor : beforeInvocation : 210] - Authorized filter invocation [OPTIONS /users/current/resources] with attributes [permitAll]
2022-08-08 17:08:22 108005 [http-nio-9090-exec-5] DEBUG o.s.security.web.FilterChainProxy - [org.springframework.security.web.FilterChainProxy$VirtualFilterChain : doFilter : 323] - Secured OPTIONS /users/current/resources
2022-08-08 17:08:22 108006 [http-nio-9090-exec-5] DEBUG o.s.s.w.c.SecurityContextPersistenceFilter - [org.springframework.security.web.context.SecurityContextPersistenceFilter : doFilter : 118] - Cleared SecurityContextHolder to complete request
2022-08-08 17:08:22 108008 [http-nio-9090-exec-4] DEBUG o.s.security.web.FilterChainProxy - [org.springframework.security.web.FilterChainProxy : doFilterInternal : 208] - Securing GET /users/current/resources
2022-08-08 17:08:22 108009 [http-nio-9090-exec-4] DEBUG o.s.s.w.c.SecurityContextPersistenceFilter - [org.springframework.security.web.context.SecurityContextPersistenceFilter : doFilter : 102] - Set SecurityContextHolder to empty SecurityContext
2022-08-08 17:08:22 108030 [http-nio-9090-exec-4] INFO  c.e.c.e.s.s.JwtAuthenticationTokenFilter - [cn.edu.cumt.ec.shop.security.JwtAuthenticationTokenFilter : doFilterInternal : 69] - Checking authentication for userDetail 13775899277.
2022-08-08 17:08:22 108047 [http-nio-9090-exec-4] INFO  c.e.c.e.s.s.JwtAuthenticationTokenFilter - [cn.edu.cumt.ec.shop.security.JwtAuthenticationTokenFilter : doFilterInternal : 83] - Authenticated userDetail 13775899277, setting security context
2022-08-08 17:08:22 108048 [http-nio-9090-exec-4] DEBUG o.s.s.w.a.i.FilterSecurityInterceptor - [org.springframework.security.access.intercept.AbstractSecurityInterceptor : beforeInvocation : 210] - Authorized filter invocation [GET /users/current/resources] with attributes [authenticated]
2022-08-08 17:08:22 108048 [http-nio-9090-exec-4] DEBUG o.s.security.web.FilterChainProxy - [org.springframework.security.web.FilterChainProxy$VirtualFilterChain : doFilter : 323] - Secured GET /users/current/resources
2022-08-08 17:08:22 108050 [http-nio-9090-exec-4] DEBUG c.e.c.e.s.m.R.getByUserid - [org.apache.ibatis.logging.jdbc.BaseJdbcLogger : debug : 137] - ==>  Preparing: select C.resource_id,C.resource_name,C.resource_type,C.parent_resource_id,C.path,C.component,C.leaf,C.show_sequence,C.creator_id,C.creator_name,C.created_datetime,C.modifier_id,C.modifier_name,C.updated_datetime,C.deleted from user_role A inner join role_resource B on A.role_id=B.role_id inner join resource C on B.resource_id=C.resource_id where A.user_id=?
2022-08-08 17:08:22 108051 [http-nio-9090-exec-4] DEBUG c.e.c.e.s.m.R.getByUserid - [org.apache.ibatis.logging.jdbc.BaseJdbcLogger : debug : 137] - ==> Parameters: 1(Long)
2022-08-08 17:08:22 108060 [http-nio-9090-exec-4] DEBUG c.e.c.e.s.m.R.getByUserid - [org.apache.ibatis.logging.jdbc.BaseJdbcLogger : debug : 137] - <==      Total: 5
2022-08-08 17:08:22 108076 [http-nio-9090-exec-4] DEBUG o.s.s.w.c.SecurityContextPersistenceFilter - [org.springframework.security.web.context.SecurityContextPersistenceFilter : doFilter : 118] - Cleared SecurityContextHolder to complete request
2022-08-08 17:08:26 112432 [http-nio-9090-exec-3] DEBUG o.s.security.web.FilterChainProxy - [org.springframework.security.web.FilterChainProxy : doFilterInternal : 208] - Securing OPTIONS /users/page
2022-08-08 17:08:26 112433 [http-nio-9090-exec-3] DEBUG o.s.s.w.c.SecurityContextPersistenceFilter - [org.springframework.security.web.context.SecurityContextPersistenceFilter : doFilter : 102] - Set SecurityContextHolder to empty SecurityContext
2022-08-08 17:08:26 112433 [http-nio-9090-exec-3] INFO  c.e.c.e.s.s.JwtAuthenticationTokenFilter - [cn.edu.cumt.ec.shop.security.JwtAuthenticationTokenFilter : doFilterInternal : 69] - Checking authentication for userDetail null.
2022-08-08 17:08:26 112433 [http-nio-9090-exec-7] DEBUG o.s.security.web.FilterChainProxy - [org.springframework.security.web.FilterChainProxy : doFilterInternal : 208] - Securing OPTIONS /roles
2022-08-08 17:08:26 112434 [http-nio-9090-exec-7] DEBUG o.s.s.w.c.SecurityContextPersistenceFilter - [org.springframework.security.web.context.SecurityContextPersistenceFilter : doFilter : 102] - Set SecurityContextHolder to empty SecurityContext
2022-08-08 17:08:26 112434 [http-nio-9090-exec-3] DEBUG o.s.s.w.a.AnonymousAuthenticationFilter - [org.springframework.security.web.authentication.AnonymousAuthenticationFilter : doFilter : 100] - Set SecurityContextHolder to anonymous SecurityContext
2022-08-08 17:08:26 112434 [http-nio-9090-exec-7] INFO  c.e.c.e.s.s.JwtAuthenticationTokenFilter - [cn.edu.cumt.ec.shop.security.JwtAuthenticationTokenFilter : doFilterInternal : 69] - Checking authentication for userDetail null.
2022-08-08 17:08:26 112434 [http-nio-9090-exec-7] DEBUG o.s.s.w.a.AnonymousAuthenticationFilter - [org.springframework.security.web.authentication.AnonymousAuthenticationFilter : doFilter : 100] - Set SecurityContextHolder to anonymous SecurityContext
2022-08-08 17:08:26 112434 [http-nio-9090-exec-3] DEBUG o.s.s.w.a.i.FilterSecurityInterceptor - [org.springframework.security.access.intercept.AbstractSecurityInterceptor : beforeInvocation : 210] - Authorized filter invocation [OPTIONS /users/page] with attributes [permitAll]
2022-08-08 17:08:26 112434 [http-nio-9090-exec-7] DEBUG o.s.s.w.a.i.FilterSecurityInterceptor - [org.springframework.security.access.intercept.AbstractSecurityInterceptor : beforeInvocation : 210] - Authorized filter invocation [OPTIONS /roles] with attributes [permitAll]
2022-08-08 17:08:26 112434 [http-nio-9090-exec-3] DEBUG o.s.security.web.FilterChainProxy - [org.springframework.security.web.FilterChainProxy$VirtualFilterChain : doFilter : 323] - Secured OPTIONS /users/page
2022-08-08 17:08:26 112434 [http-nio-9090-exec-7] DEBUG o.s.security.web.FilterChainProxy - [org.springframework.security.web.FilterChainProxy$VirtualFilterChain : doFilter : 323] - Secured OPTIONS /roles
2022-08-08 17:08:26 112435 [http-nio-9090-exec-7] DEBUG o.s.s.w.c.SecurityContextPersistenceFilter - [org.springframework.security.web.context.SecurityContextPersistenceFilter : doFilter : 118] - Cleared SecurityContextHolder to complete request
2022-08-08 17:08:26 112435 [http-nio-9090-exec-3] DEBUG o.s.s.w.c.SecurityContextPersistenceFilter - [org.springframework.security.web.context.SecurityContextPersistenceFilter : doFilter : 118] - Cleared SecurityContextHolder to complete request
2022-08-08 17:08:26 112438 [http-nio-9090-exec-6] DEBUG o.s.security.web.FilterChainProxy - [org.springframework.security.web.FilterChainProxy : doFilterInternal : 208] - Securing POST /users/page
2022-08-08 17:08:26 112438 [http-nio-9090-exec-6] DEBUG o.s.s.w.c.SecurityContextPersistenceFilter - [org.springframework.security.web.context.SecurityContextPersistenceFilter : doFilter : 102] - Set SecurityContextHolder to empty SecurityContext
2022-08-08 17:08:26 112439 [http-nio-9090-exec-8] DEBUG o.s.security.web.FilterChainProxy - [org.springframework.security.web.FilterChainProxy : doFilterInternal : 208] - Securing GET /roles
2022-08-08 17:08:26 112439 [http-nio-9090-exec-8] DEBUG o.s.s.w.c.SecurityContextPersistenceFilter - [org.springframework.security.web.context.SecurityContextPersistenceFilter : doFilter : 102] - Set SecurityContextHolder to empty SecurityContext
2022-08-08 17:08:26 112440 [http-nio-9090-exec-6] INFO  c.e.c.e.s.s.JwtAuthenticationTokenFilter - [cn.edu.cumt.ec.shop.security.JwtAuthenticationTokenFilter : doFilterInternal : 69] - Checking authentication for userDetail 13775899277.
2022-08-08 17:08:26 112441 [http-nio-9090-exec-8] INFO  c.e.c.e.s.s.JwtAuthenticationTokenFilter - [cn.edu.cumt.ec.shop.security.JwtAuthenticationTokenFilter : doFilterInternal : 69] - Checking authentication for userDetail 13775899277.
2022-08-08 17:08:26 112444 [http-nio-9090-exec-6] INFO  c.e.c.e.s.s.JwtAuthenticationTokenFilter - [cn.edu.cumt.ec.shop.security.JwtAuthenticationTokenFilter : doFilterInternal : 83] - Authenticated userDetail 13775899277, setting security context
2022-08-08 17:08:26 112444 [http-nio-9090-exec-6] DEBUG o.s.s.w.a.i.FilterSecurityInterceptor - [org.springframework.security.access.intercept.AbstractSecurityInterceptor : beforeInvocation : 210] - Authorized filter invocation [POST /users/page] with attributes [authenticated]
2022-08-08 17:08:26 112444 [http-nio-9090-exec-6] DEBUG o.s.security.web.FilterChainProxy - [org.springframework.security.web.FilterChainProxy$VirtualFilterChain : doFilter : 323] - Secured POST /users/page
2022-08-08 17:08:26 112445 [http-nio-9090-exec-8] INFO  c.e.c.e.s.s.JwtAuthenticationTokenFilter - [cn.edu.cumt.ec.shop.security.JwtAuthenticationTokenFilter : doFilterInternal : 83] - Authenticated userDetail 13775899277, setting security context
2022-08-08 17:08:26 112445 [http-nio-9090-exec-8] DEBUG o.s.s.w.a.i.FilterSecurityInterceptor - [org.springframework.security.access.intercept.AbstractSecurityInterceptor : beforeInvocation : 210] - Authorized filter invocation [GET /roles] with attributes [authenticated]
2022-08-08 17:08:26 112445 [http-nio-9090-exec-8] DEBUG o.s.security.web.FilterChainProxy - [org.springframework.security.web.FilterChainProxy$VirtualFilterChain : doFilter : 323] - Secured GET /roles
2022-08-08 17:08:26 112479 [http-nio-9090-exec-8] DEBUG c.e.c.e.s.m.RoleMapper.selectList - [org.apache.ibatis.logging.jdbc.BaseJdbcLogger : debug : 137] - ==>  Preparing: SELECT role_id,role_name,creator_id,creator_name,created_datetime,modifier_id,modifier_name,updated_datetime FROM role
2022-08-08 17:08:26 112480 [http-nio-9090-exec-8] DEBUG c.e.c.e.s.m.RoleMapper.selectList - [org.apache.ibatis.logging.jdbc.BaseJdbcLogger : debug : 137] - ==> Parameters: 
2022-08-08 17:08:26 112482 [http-nio-9090-exec-8] DEBUG c.e.c.e.s.m.RoleMapper.selectList - [org.apache.ibatis.logging.jdbc.BaseJdbcLogger : debug : 137] - <==      Total: 2
2022-08-08 17:08:26 112485 [http-nio-9090-exec-8] DEBUG o.s.s.w.c.SecurityContextPersistenceFilter - [org.springframework.security.web.context.SecurityContextPersistenceFilter : doFilter : 118] - Cleared SecurityContextHolder to complete request
2022-08-08 17:08:26 112512 [http-nio-9090-exec-6] DEBUG c.e.c.e.s.m.UserMapper.page_mpCount - [org.apache.ibatis.logging.jdbc.BaseJdbcLogger : debug : 137] - ==>  Preparing: SELECT COUNT(*) AS total FROM `user`
2022-08-08 17:08:26 112513 [http-nio-9090-exec-6] DEBUG c.e.c.e.s.m.UserMapper.page_mpCount - [org.apache.ibatis.logging.jdbc.BaseJdbcLogger : debug : 137] - ==> Parameters: 
2022-08-08 17:08:26 112516 [http-nio-9090-exec-6] DEBUG c.e.c.e.s.m.UserMapper.page_mpCount - [org.apache.ibatis.logging.jdbc.BaseJdbcLogger : debug : 137] - <==      Total: 1
2022-08-08 17:08:26 112520 [http-nio-9090-exec-6] DEBUG c.e.c.e.shop.mapper.UserMapper.page - [org.apache.ibatis.logging.jdbc.BaseJdbcLogger : debug : 137] - ==>  Preparing: select user_id, phone_number, email, user_name, creator_id, creator_name, created_datetime, modifier_id, modifier_name, updated_datetime, deleted from `user` LIMIT ?
2022-08-08 17:08:26 112520 [http-nio-9090-exec-6] DEBUG c.e.c.e.shop.mapper.UserMapper.page - [org.apache.ibatis.logging.jdbc.BaseJdbcLogger : debug : 137] - ==> Parameters: 5(Long)
2022-08-08 17:08:26 112523 [http-nio-9090-exec-6] DEBUG c.e.c.e.s.m.RoleMapper.listByUserId - [org.apache.ibatis.logging.jdbc.BaseJdbcLogger : debug : 137] - ====>  Preparing: select * from role r inner join user_role ur on r.role_id=ur.role_id where ur.user_id=?
2022-08-08 17:08:26 112524 [http-nio-9090-exec-6] DEBUG c.e.c.e.s.m.RoleMapper.listByUserId - [org.apache.ibatis.logging.jdbc.BaseJdbcLogger : debug : 137] - ====> Parameters: 1(BigDecimal)
2022-08-08 17:08:26 112526 [http-nio-9090-exec-6] DEBUG c.e.c.e.s.m.RoleMapper.listByUserId - [org.apache.ibatis.logging.jdbc.BaseJdbcLogger : debug : 137] - <====      Total: 1
2022-08-08 17:08:26 112527 [http-nio-9090-exec-6] DEBUG c.e.c.e.s.m.RoleMapper.listByUserId - [org.apache.ibatis.logging.jdbc.BaseJdbcLogger : debug : 137] - ====>  Preparing: select * from role r inner join user_role ur on r.role_id=ur.role_id where ur.user_id=?
2022-08-08 17:08:26 112528 [http-nio-9090-exec-6] DEBUG c.e.c.e.s.m.RoleMapper.listByUserId - [org.apache.ibatis.logging.jdbc.BaseJdbcLogger : debug : 137] - ====> Parameters: 2(BigDecimal)
2022-08-08 17:08:26 112530 [http-nio-9090-exec-6] DEBUG c.e.c.e.s.m.RoleMapper.listByUserId - [org.apache.ibatis.logging.jdbc.BaseJdbcLogger : debug : 137] - <====      Total: 1
2022-08-08 17:08:26 112531 [http-nio-9090-exec-6] DEBUG c.e.c.e.s.m.RoleMapper.listByUserId - [org.apache.ibatis.logging.jdbc.BaseJdbcLogger : debug : 137] - ====>  Preparing: select * from role r inner join user_role ur on r.role_id=ur.role_id where ur.user_id=?
2022-08-08 17:08:26 112531 [http-nio-9090-exec-6] DEBUG c.e.c.e.s.m.RoleMapper.listByUserId - [org.apache.ibatis.logging.jdbc.BaseJdbcLogger : debug : 137] - ====> Parameters: 3(BigDecimal)
2022-08-08 17:08:26 112533 [http-nio-9090-exec-6] DEBUG c.e.c.e.s.m.RoleMapper.listByUserId - [org.apache.ibatis.logging.jdbc.BaseJdbcLogger : debug : 137] - <====      Total: 1
2022-08-08 17:08:26 112534 [http-nio-9090-exec-6] DEBUG c.e.c.e.s.m.RoleMapper.listByUserId - [org.apache.ibatis.logging.jdbc.BaseJdbcLogger : debug : 137] - ====>  Preparing: select * from role r inner join user_role ur on r.role_id=ur.role_id where ur.user_id=?
2022-08-08 17:08:26 112535 [http-nio-9090-exec-6] DEBUG c.e.c.e.s.m.RoleMapper.listByUserId - [org.apache.ibatis.logging.jdbc.BaseJdbcLogger : debug : 137] - ====> Parameters: 4(BigDecimal)
2022-08-08 17:08:26 112536 [http-nio-9090-exec-6] DEBUG c.e.c.e.s.m.RoleMapper.listByUserId - [org.apache.ibatis.logging.jdbc.BaseJdbcLogger : debug : 137] - <====      Total: 0
2022-08-08 17:08:26 112537 [http-nio-9090-exec-6] DEBUG c.e.c.e.s.m.RoleMapper.listByUserId - [org.apache.ibatis.logging.jdbc.BaseJdbcLogger : debug : 137] - ====>  Preparing: select * from role r inner join user_role ur on r.role_id=ur.role_id where ur.user_id=?
2022-08-08 17:08:26 112537 [http-nio-9090-exec-6] DEBUG c.e.c.e.s.m.RoleMapper.listByUserId - [org.apache.ibatis.logging.jdbc.BaseJdbcLogger : debug : 137] - ====> Parameters: 5(BigDecimal)
2022-08-08 17:08:26 112539 [http-nio-9090-exec-6] DEBUG c.e.c.e.s.m.RoleMapper.listByUserId - [org.apache.ibatis.logging.jdbc.BaseJdbcLogger : debug : 137] - <====      Total: 2
2022-08-08 17:08:26 112541 [http-nio-9090-exec-6] DEBUG c.e.c.e.shop.mapper.UserMapper.page - [org.apache.ibatis.logging.jdbc.BaseJdbcLogger : debug : 137] - <==      Total: 5
2022-08-08 17:08:26 112546 [http-nio-9090-exec-6] DEBUG o.s.s.w.c.SecurityContextPersistenceFilter - [org.springframework.security.web.context.SecurityContextPersistenceFilter : doFilter : 118] - Cleared SecurityContextHolder to complete request
2022-08-08 17:08:35 121513 [SpringApplicationShutdownHook] INFO  com.zaxxer.hikari.HikariDataSource - [com.zaxxer.hikari.HikariDataSource : close : 350] - HikariPool-1 - Shutdown initiated...
2022-08-08 17:08:35 121523 [SpringApplicationShutdownHook] INFO  com.zaxxer.hikari.HikariDataSource - [com.zaxxer.hikari.HikariDataSource : close : 352] - HikariPool-1 - Shutdown completed.
