2022-08-09 23:43:14 734  [main] INFO  cn.edu.cumt.ec.shop.ShopApplication - [org.springframework.boot.StartupInfoLogger : logStarting : 55] - Starting ShopApplication using Java 1.8.0_333 on LAPTOP-CP4AU0H7 with PID 9908 (D:\电子商务课件\m09641\Example\example-java\target\classes started by 86176 in D:\电子商务课件\m09641\Example\example-java)
2022-08-09 23:43:14 738  [main] DEBUG cn.edu.cumt.ec.shop.ShopApplication - [org.springframework.boot.StartupInfoLogger : logStarting : 56] - Running with Spring Boot v2.6.7, Spring v5.3.19
2022-08-09 23:43:14 739  [main] INFO  cn.edu.cumt.ec.shop.ShopApplication - [org.springframework.boot.SpringApplication : logStartupProfileInfo : 640] - No active profile set, falling back to 1 default profile: "default"
2022-08-09 23:43:15 1819 [main] INFO  o.s.d.r.c.RepositoryConfigurationDelegate - [org.springframework.data.repository.config.RepositoryConfigurationDelegate : multipleStoresDetected : 262] - Multiple Spring Data modules found, entering strict repository configuration mode!
2022-08-09 23:43:15 1822 [main] INFO  o.s.d.r.c.RepositoryConfigurationDelegate - [org.springframework.data.repository.config.RepositoryConfigurationDelegate : registerRepositoriesIn : 132] - Bootstrapping Spring Data Redis repositories in DEFAULT mode.
2022-08-09 23:43:15 1863 [main] INFO  o.s.d.r.c.RepositoryConfigurationDelegate - [org.springframework.data.repository.config.RepositoryConfigurationDelegate : registerRepositoriesIn : 201] - Finished Spring Data repository scanning in 21 ms. Found 0 Redis repository interfaces.
2022-08-09 23:43:16 2544 [main] INFO  o.s.b.w.e.tomcat.TomcatWebServer - [org.springframework.boot.web.embedded.tomcat.TomcatWebServer : initialize : 108] - Tomcat initialized with port(s): 9090 (http)
2022-08-09 23:43:16 2554 [main] INFO  o.a.coyote.http11.Http11NioProtocol - [org.apache.juli.logging.DirectJDKLog : log : 173] - Initializing ProtocolHandler ["http-nio-9090"]
2022-08-09 23:43:16 2554 [main] INFO  o.a.catalina.core.StandardService - [org.apache.juli.logging.DirectJDKLog : log : 173] - Starting service [Tomcat]
2022-08-09 23:43:16 2555 [main] INFO  o.a.catalina.core.StandardEngine - [org.apache.juli.logging.DirectJDKLog : log : 173] - Starting Servlet engine: [Apache Tomcat/9.0.62]
2022-08-09 23:43:16 2850 [main] INFO  o.a.c.c.C.[Tomcat].[localhost].[/] - [org.apache.juli.logging.DirectJDKLog : log : 173] - Initializing Spring embedded WebApplicationContext
2022-08-09 23:43:16 2850 [main] INFO  o.s.b.w.s.c.ServletWebServerApplicationContext - [org.springframework.boot.web.servlet.context.ServletWebServerApplicationContext : prepareWebApplicationContext : 290] - Root WebApplicationContext: initialization completed in 2068 ms
2022-08-09 23:43:17 3360 [main] WARN  c.b.m.core.metadata.TableInfoHelper - [com.baomidou.mybatisplus.core.metadata.TableInfoHelper : initTableFields : 333] - Can not find table primary key in Class: "cn.edu.cumt.ec.shop.entity.Product".
2022-08-09 23:43:17 3360 [main] WARN  c.b.m.c.injector.DefaultSqlInjector - [com.baomidou.mybatisplus.core.injector.DefaultSqlInjector : getMethodList : 57] - class cn.edu.cumt.ec.shop.entity.Product ,Not found @TableId annotation, Cannot use Mybatis-Plus 'xxById' Method.
2022-08-09 23:43:18 4551 [main] DEBUG c.e.c.e.s.s.JwtAuthenticationTokenFilter - [org.springframework.web.filter.GenericFilterBean : init : 242] - Filter 'jwtAuthenticationTokenFilter' configured for use
2022-08-09 23:43:18 5112 [main] WARN  o.s.s.c.a.web.builders.WebSecurity - [org.springframework.security.config.annotation.web.builders.WebSecurity : performBuild : 294] - You are asking Spring Security to ignore Ant [pattern='/doc.html']. This is not recommended -- please use permitAll via HttpSecurity#authorizeHttpRequests instead.
2022-08-09 23:43:18 5113 [main] INFO  o.s.s.w.DefaultSecurityFilterChain - [org.springframework.security.web.DefaultSecurityFilterChain : <init> : 52] - Will not secure Ant [pattern='/doc.html']
2022-08-09 23:43:18 5114 [main] WARN  o.s.s.c.a.web.builders.WebSecurity - [org.springframework.security.config.annotation.web.builders.WebSecurity : performBuild : 294] - You are asking Spring Security to ignore Ant [pattern='/swagger-ui.html']. This is not recommended -- please use permitAll via HttpSecurity#authorizeHttpRequests instead.
2022-08-09 23:43:18 5114 [main] INFO  o.s.s.w.DefaultSecurityFilterChain - [org.springframework.security.web.DefaultSecurityFilterChain : <init> : 52] - Will not secure Ant [pattern='/swagger-ui.html']
2022-08-09 23:43:18 5114 [main] WARN  o.s.s.c.a.web.builders.WebSecurity - [org.springframework.security.config.annotation.web.builders.WebSecurity : performBuild : 294] - You are asking Spring Security to ignore Ant [pattern='/swagger-ui/*']. This is not recommended -- please use permitAll via HttpSecurity#authorizeHttpRequests instead.
2022-08-09 23:43:18 5114 [main] INFO  o.s.s.w.DefaultSecurityFilterChain - [org.springframework.security.web.DefaultSecurityFilterChain : <init> : 52] - Will not secure Ant [pattern='/swagger-ui/*']
2022-08-09 23:43:18 5115 [main] WARN  o.s.s.c.a.web.builders.WebSecurity - [org.springframework.security.config.annotation.web.builders.WebSecurity : performBuild : 294] - You are asking Spring Security to ignore Ant [pattern='/swagger-resources/**']. This is not recommended -- please use permitAll via HttpSecurity#authorizeHttpRequests instead.
2022-08-09 23:43:18 5115 [main] INFO  o.s.s.w.DefaultSecurityFilterChain - [org.springframework.security.web.DefaultSecurityFilterChain : <init> : 52] - Will not secure Ant [pattern='/swagger-resources/**']
2022-08-09 23:43:18 5115 [main] WARN  o.s.s.c.a.web.builders.WebSecurity - [org.springframework.security.config.annotation.web.builders.WebSecurity : performBuild : 294] - You are asking Spring Security to ignore Ant [pattern='/v2/api-docs']. This is not recommended -- please use permitAll via HttpSecurity#authorizeHttpRequests instead.
2022-08-09 23:43:18 5115 [main] INFO  o.s.s.w.DefaultSecurityFilterChain - [org.springframework.security.web.DefaultSecurityFilterChain : <init> : 52] - Will not secure Ant [pattern='/v2/api-docs']
2022-08-09 23:43:18 5115 [main] WARN  o.s.s.c.a.web.builders.WebSecurity - [org.springframework.security.config.annotation.web.builders.WebSecurity : performBuild : 294] - You are asking Spring Security to ignore Ant [pattern='/v3/api-docs']. This is not recommended -- please use permitAll via HttpSecurity#authorizeHttpRequests instead.
2022-08-09 23:43:18 5115 [main] INFO  o.s.s.w.DefaultSecurityFilterChain - [org.springframework.security.web.DefaultSecurityFilterChain : <init> : 52] - Will not secure Ant [pattern='/v3/api-docs']
2022-08-09 23:43:18 5115 [main] WARN  o.s.s.c.a.web.builders.WebSecurity - [org.springframework.security.config.annotation.web.builders.WebSecurity : performBuild : 294] - You are asking Spring Security to ignore Ant [pattern='/webjars/**']. This is not recommended -- please use permitAll via HttpSecurity#authorizeHttpRequests instead.
2022-08-09 23:43:18 5115 [main] INFO  o.s.s.w.DefaultSecurityFilterChain - [org.springframework.security.web.DefaultSecurityFilterChain : <init> : 52] - Will not secure Ant [pattern='/webjars/**']
2022-08-09 23:43:18 5115 [main] WARN  o.s.s.c.a.web.builders.WebSecurity - [org.springframework.security.config.annotation.web.builders.WebSecurity : performBuild : 294] - You are asking Spring Security to ignore Ant [pattern='/favicon.ico']. This is not recommended -- please use permitAll via HttpSecurity#authorizeHttpRequests instead.
2022-08-09 23:43:18 5115 [main] INFO  o.s.s.w.DefaultSecurityFilterChain - [org.springframework.security.web.DefaultSecurityFilterChain : <init> : 52] - Will not secure Ant [pattern='/favicon.ico']
2022-08-09 23:43:18 5116 [main] WARN  o.s.s.c.a.web.builders.WebSecurity - [org.springframework.security.config.annotation.web.builders.WebSecurity : performBuild : 294] - You are asking Spring Security to ignore Ant [pattern='/**/*.html']. This is not recommended -- please use permitAll via HttpSecurity#authorizeHttpRequests instead.
2022-08-09 23:43:18 5116 [main] INFO  o.s.s.w.DefaultSecurityFilterChain - [org.springframework.security.web.DefaultSecurityFilterChain : <init> : 52] - Will not secure Ant [pattern='/**/*.html']
2022-08-09 23:43:18 5116 [main] WARN  o.s.s.c.a.web.builders.WebSecurity - [org.springframework.security.config.annotation.web.builders.WebSecurity : performBuild : 294] - You are asking Spring Security to ignore Ant [pattern='/**/*.js']. This is not recommended -- please use permitAll via HttpSecurity#authorizeHttpRequests instead.
2022-08-09 23:43:18 5116 [main] INFO  o.s.s.w.DefaultSecurityFilterChain - [org.springframework.security.web.DefaultSecurityFilterChain : <init> : 52] - Will not secure Ant [pattern='/**/*.js']
2022-08-09 23:43:18 5116 [main] WARN  o.s.s.c.a.web.builders.WebSecurity - [org.springframework.security.config.annotation.web.builders.WebSecurity : performBuild : 294] - You are asking Spring Security to ignore Ant [pattern='/**.json']. This is not recommended -- please use permitAll via HttpSecurity#authorizeHttpRequests instead.
2022-08-09 23:43:18 5116 [main] INFO  o.s.s.w.DefaultSecurityFilterChain - [org.springframework.security.web.DefaultSecurityFilterChain : <init> : 52] - Will not secure Ant [pattern='/**.json']
2022-08-09 23:43:18 5116 [main] WARN  o.s.s.c.a.web.builders.WebSecurity - [org.springframework.security.config.annotation.web.builders.WebSecurity : performBuild : 294] - You are asking Spring Security to ignore Ant [pattern='/**/*.css']. This is not recommended -- please use permitAll via HttpSecurity#authorizeHttpRequests instead.
2022-08-09 23:43:18 5116 [main] INFO  o.s.s.w.DefaultSecurityFilterChain - [org.springframework.security.web.DefaultSecurityFilterChain : <init> : 52] - Will not secure Ant [pattern='/**/*.css']
2022-08-09 23:43:18 5117 [main] WARN  o.s.s.c.a.web.builders.WebSecurity - [org.springframework.security.config.annotation.web.builders.WebSecurity : performBuild : 294] - You are asking Spring Security to ignore Ant [pattern='/**/*.jpg']. This is not recommended -- please use permitAll via HttpSecurity#authorizeHttpRequests instead.
2022-08-09 23:43:18 5117 [main] INFO  o.s.s.w.DefaultSecurityFilterChain - [org.springframework.security.web.DefaultSecurityFilterChain : <init> : 52] - Will not secure Ant [pattern='/**/*.jpg']
2022-08-09 23:43:18 5117 [main] WARN  o.s.s.c.a.web.builders.WebSecurity - [org.springframework.security.config.annotation.web.builders.WebSecurity : performBuild : 294] - You are asking Spring Security to ignore Ant [pattern='/**/*.png']. This is not recommended -- please use permitAll via HttpSecurity#authorizeHttpRequests instead.
2022-08-09 23:43:18 5117 [main] INFO  o.s.s.w.DefaultSecurityFilterChain - [org.springframework.security.web.DefaultSecurityFilterChain : <init> : 52] - Will not secure Ant [pattern='/**/*.png']
2022-08-09 23:43:19 5142 [main] DEBUG o.s.s.w.a.e.ExpressionBasedFilterInvocationSecurityMetadataSource - [org.springframework.security.web.access.expression.ExpressionBasedFilterInvocationSecurityMetadataSource : process : 72] - Adding web access control expression [permitAll] for Ant [pattern='/auth/login']
2022-08-09 23:43:19 5144 [main] DEBUG o.s.s.w.a.e.ExpressionBasedFilterInvocationSecurityMetadataSource - [org.springframework.security.web.access.expression.ExpressionBasedFilterInvocationSecurityMetadataSource : process : 72] - Adding web access control expression [permitAll] for Ant [pattern='/auth/sign']
2022-08-09 23:43:19 5144 [main] DEBUG o.s.s.w.a.e.ExpressionBasedFilterInvocationSecurityMetadataSource - [org.springframework.security.web.access.expression.ExpressionBasedFilterInvocationSecurityMetadataSource : process : 72] - Adding web access control expression [permitAll] for Ant [pattern='/webjars/**']
2022-08-09 23:43:19 5144 [main] DEBUG o.s.s.w.a.e.ExpressionBasedFilterInvocationSecurityMetadataSource - [org.springframework.security.web.access.expression.ExpressionBasedFilterInvocationSecurityMetadataSource : process : 72] - Adding web access control expression [permitAll] for Ant [pattern='/error/**']
2022-08-09 23:43:19 5144 [main] DEBUG o.s.s.w.a.e.ExpressionBasedFilterInvocationSecurityMetadataSource - [org.springframework.security.web.access.expression.ExpressionBasedFilterInvocationSecurityMetadataSource : process : 72] - Adding web access control expression [permitAll] for cn.edu.cumt.ec.shop.config.WebConfig$$Lambda$770/574790161@5c1dd18
2022-08-09 23:43:19 5144 [main] DEBUG o.s.s.w.a.e.ExpressionBasedFilterInvocationSecurityMetadataSource - [org.springframework.security.web.access.expression.ExpressionBasedFilterInvocationSecurityMetadataSource : process : 72] - Adding web access control expression [authenticated] for any request
2022-08-09 23:43:19 5150 [main] INFO  o.s.s.w.DefaultSecurityFilterChain - [org.springframework.security.web.DefaultSecurityFilterChain : <init> : 55] - Will secure any request with [org.springframework.security.web.context.request.async.WebAsyncManagerIntegrationFilter@40013051, org.springframework.security.web.context.SecurityContextPersistenceFilter@1d06801f, org.springframework.security.web.header.HeaderWriterFilter@5896b9f5, org.springframework.security.web.authentication.logout.LogoutFilter@ace2408, cn.edu.cumt.ec.shop.security.JwtAuthenticationTokenFilter@521ba38f, org.springframework.security.web.savedrequest.RequestCacheAwareFilter@6ffbf0ac, org.springframework.security.web.servletapi.SecurityContextHolderAwareRequestFilter@1592e540, org.springframework.security.web.authentication.AnonymousAuthenticationFilter@71f29d91, org.springframework.security.web.session.SessionManagementFilter@1fe05fff, org.springframework.security.web.access.ExceptionTranslationFilter@7fb82f73, org.springframework.security.web.access.intercept.FilterSecurityInterceptor@6b3b4f37]
2022-08-09 23:43:19 5856 [main] INFO  o.a.coyote.http11.Http11NioProtocol - [org.apache.juli.logging.DirectJDKLog : log : 173] - Starting ProtocolHandler ["http-nio-9090"]
2022-08-09 23:43:19 5874 [main] INFO  o.s.b.w.e.tomcat.TomcatWebServer - [org.springframework.boot.web.embedded.tomcat.TomcatWebServer : start : 220] - Tomcat started on port(s): 9090 (http) with context path ''
2022-08-09 23:43:19 6059 [main] WARN  s.d.s.r.o.OperationImplicitParameterReader - [springfox.documentation.swagger.readers.operation.OperationImplicitParameterReader : modelSpecification : 170] - Unable to interpret the implicit parameter configuration with dataType: string, dataTypeClass: class java.lang.Void
2022-08-09 23:43:19 6070 [main] WARN  s.d.s.r.o.OperationImplicitParameterReader - [springfox.documentation.swagger.readers.operation.OperationImplicitParameterReader : modelSpecification : 170] - Unable to interpret the implicit parameter configuration with dataType: string, dataTypeClass: class java.lang.Void
2022-08-09 23:43:20 6234 [main] INFO  cn.edu.cumt.ec.shop.ShopApplication - [org.springframework.boot.StartupInfoLogger : logStarted : 61] - Started ShopApplication in 5.911 seconds (JVM running for 7.817)
