2022-10-10 21:51:54 704  [main] INFO  cn.edu.cumt.ec.shop.ShopApplication - [org.springframework.boot.StartupInfoLogger : logStarting : 55] - Starting ShopApplication using Java 1.8.0_333 on LAPTOP-CP4AU0H7 with PID 20456 (D:\qq\大二下\电子商务课件\m09641\Example\example-java\target\classes started by 86176 in D:\qq\大二下\电子商务课件\m09641\Example\example-java)
2022-10-10 21:51:54 706  [main] DEBUG cn.edu.cumt.ec.shop.ShopApplication - [org.springframework.boot.StartupInfoLogger : logStarting : 56] - Running with Spring Boot v2.6.7, Spring v5.3.19
2022-10-10 21:51:54 707  [main] INFO  cn.edu.cumt.ec.shop.ShopApplication - [org.springframework.boot.SpringApplication : logStartupProfileInfo : 640] - No active profile set, falling back to 1 default profile: "default"
2022-10-10 21:51:55 1755 [main] INFO  o.s.d.r.c.RepositoryConfigurationDelegate - [org.springframework.data.repository.config.RepositoryConfigurationDelegate : multipleStoresDetected : 262] - Multiple Spring Data modules found, entering strict repository configuration mode!
2022-10-10 21:51:55 1759 [main] INFO  o.s.d.r.c.RepositoryConfigurationDelegate - [org.springframework.data.repository.config.RepositoryConfigurationDelegate : registerRepositoriesIn : 132] - Bootstrapping Spring Data Redis repositories in DEFAULT mode.
2022-10-10 21:51:55 1798 [main] INFO  o.s.d.r.c.RepositoryConfigurationDelegate - [org.springframework.data.repository.config.RepositoryConfigurationDelegate : registerRepositoriesIn : 201] - Finished Spring Data repository scanning in 18 ms. Found 0 Redis repository interfaces.
2022-10-10 21:51:56 2458 [main] INFO  o.s.b.w.e.tomcat.TomcatWebServer - [org.springframework.boot.web.embedded.tomcat.TomcatWebServer : initialize : 108] - Tomcat initialized with port(s): 9090 (http)
2022-10-10 21:51:56 2467 [main] INFO  o.a.coyote.http11.Http11NioProtocol - [org.apache.juli.logging.DirectJDKLog : log : 173] - Initializing ProtocolHandler ["http-nio-9090"]
2022-10-10 21:51:56 2468 [main] INFO  o.a.catalina.core.StandardService - [org.apache.juli.logging.DirectJDKLog : log : 173] - Starting service [Tomcat]
2022-10-10 21:51:56 2468 [main] INFO  o.a.catalina.core.StandardEngine - [org.apache.juli.logging.DirectJDKLog : log : 173] - Starting Servlet engine: [Apache Tomcat/9.0.62]
2022-10-10 21:51:56 2719 [main] INFO  o.a.c.c.C.[Tomcat].[localhost].[/] - [org.apache.juli.logging.DirectJDKLog : log : 173] - Initializing Spring embedded WebApplicationContext
2022-10-10 21:51:56 2719 [main] INFO  o.s.b.w.s.c.ServletWebServerApplicationContext - [org.springframework.boot.web.servlet.context.ServletWebServerApplicationContext : prepareWebApplicationContext : 290] - Root WebApplicationContext: initialization completed in 1964 ms
2022-10-10 21:51:56 3198 [main] WARN  c.b.m.core.metadata.TableInfoHelper - [com.baomidou.mybatisplus.core.metadata.TableInfoHelper : initTableFields : 333] - Can not find table primary key in Class: "cn.edu.cumt.ec.shop.entity.Product".
2022-10-10 21:51:56 3199 [main] WARN  c.b.m.c.injector.DefaultSqlInjector - [com.baomidou.mybatisplus.core.injector.DefaultSqlInjector : getMethodList : 57] - class cn.edu.cumt.ec.shop.entity.Product ,Not found @TableId annotation, Cannot use Mybatis-Plus 'xxById' Method.
2022-10-10 21:51:58 4438 [main] DEBUG c.e.c.e.s.s.JwtAuthenticationTokenFilter - [org.springframework.web.filter.GenericFilterBean : init : 242] - Filter 'jwtAuthenticationTokenFilter' configured for use
2022-10-10 21:51:58 4987 [main] WARN  o.s.s.c.a.web.builders.WebSecurity - [org.springframework.security.config.annotation.web.builders.WebSecurity : performBuild : 294] - You are asking Spring Security to ignore Ant [pattern='/doc.html']. This is not recommended -- please use permitAll via HttpSecurity#authorizeHttpRequests instead.
2022-10-10 21:51:58 4988 [main] INFO  o.s.s.w.DefaultSecurityFilterChain - [org.springframework.security.web.DefaultSecurityFilterChain : <init> : 52] - Will not secure Ant [pattern='/doc.html']
2022-10-10 21:51:58 4988 [main] WARN  o.s.s.c.a.web.builders.WebSecurity - [org.springframework.security.config.annotation.web.builders.WebSecurity : performBuild : 294] - You are asking Spring Security to ignore Ant [pattern='/swagger-ui.html']. This is not recommended -- please use permitAll via HttpSecurity#authorizeHttpRequests instead.
2022-10-10 21:51:58 4989 [main] INFO  o.s.s.w.DefaultSecurityFilterChain - [org.springframework.security.web.DefaultSecurityFilterChain : <init> : 52] - Will not secure Ant [pattern='/swagger-ui.html']
2022-10-10 21:51:58 4989 [main] WARN  o.s.s.c.a.web.builders.WebSecurity - [org.springframework.security.config.annotation.web.builders.WebSecurity : performBuild : 294] - You are asking Spring Security to ignore Ant [pattern='/swagger-ui/*']. This is not recommended -- please use permitAll via HttpSecurity#authorizeHttpRequests instead.
2022-10-10 21:51:58 4989 [main] INFO  o.s.s.w.DefaultSecurityFilterChain - [org.springframework.security.web.DefaultSecurityFilterChain : <init> : 52] - Will not secure Ant [pattern='/swagger-ui/*']
2022-10-10 21:51:58 4989 [main] WARN  o.s.s.c.a.web.builders.WebSecurity - [org.springframework.security.config.annotation.web.builders.WebSecurity : performBuild : 294] - You are asking Spring Security to ignore Ant [pattern='/swagger-resources/**']. This is not recommended -- please use permitAll via HttpSecurity#authorizeHttpRequests instead.
2022-10-10 21:51:58 4989 [main] INFO  o.s.s.w.DefaultSecurityFilterChain - [org.springframework.security.web.DefaultSecurityFilterChain : <init> : 52] - Will not secure Ant [pattern='/swagger-resources/**']
2022-10-10 21:51:58 4989 [main] WARN  o.s.s.c.a.web.builders.WebSecurity - [org.springframework.security.config.annotation.web.builders.WebSecurity : performBuild : 294] - You are asking Spring Security to ignore Ant [pattern='/v2/api-docs']. This is not recommended -- please use permitAll via HttpSecurity#authorizeHttpRequests instead.
2022-10-10 21:51:58 4989 [main] INFO  o.s.s.w.DefaultSecurityFilterChain - [org.springframework.security.web.DefaultSecurityFilterChain : <init> : 52] - Will not secure Ant [pattern='/v2/api-docs']
2022-10-10 21:51:58 4990 [main] WARN  o.s.s.c.a.web.builders.WebSecurity - [org.springframework.security.config.annotation.web.builders.WebSecurity : performBuild : 294] - You are asking Spring Security to ignore Ant [pattern='/v3/api-docs']. This is not recommended -- please use permitAll via HttpSecurity#authorizeHttpRequests instead.
2022-10-10 21:51:58 4990 [main] INFO  o.s.s.w.DefaultSecurityFilterChain - [org.springframework.security.web.DefaultSecurityFilterChain : <init> : 52] - Will not secure Ant [pattern='/v3/api-docs']
2022-10-10 21:51:58 4990 [main] WARN  o.s.s.c.a.web.builders.WebSecurity - [org.springframework.security.config.annotation.web.builders.WebSecurity : performBuild : 294] - You are asking Spring Security to ignore Ant [pattern='/webjars/**']. This is not recommended -- please use permitAll via HttpSecurity#authorizeHttpRequests instead.
2022-10-10 21:51:58 4990 [main] INFO  o.s.s.w.DefaultSecurityFilterChain - [org.springframework.security.web.DefaultSecurityFilterChain : <init> : 52] - Will not secure Ant [pattern='/webjars/**']
2022-10-10 21:51:58 4990 [main] WARN  o.s.s.c.a.web.builders.WebSecurity - [org.springframework.security.config.annotation.web.builders.WebSecurity : performBuild : 294] - You are asking Spring Security to ignore Ant [pattern='/favicon.ico']. This is not recommended -- please use permitAll via HttpSecurity#authorizeHttpRequests instead.
2022-10-10 21:51:58 4990 [main] INFO  o.s.s.w.DefaultSecurityFilterChain - [org.springframework.security.web.DefaultSecurityFilterChain : <init> : 52] - Will not secure Ant [pattern='/favicon.ico']
2022-10-10 21:51:58 4990 [main] WARN  o.s.s.c.a.web.builders.WebSecurity - [org.springframework.security.config.annotation.web.builders.WebSecurity : performBuild : 294] - You are asking Spring Security to ignore Ant [pattern='/**/*.html']. This is not recommended -- please use permitAll via HttpSecurity#authorizeHttpRequests instead.
2022-10-10 21:51:58 4990 [main] INFO  o.s.s.w.DefaultSecurityFilterChain - [org.springframework.security.web.DefaultSecurityFilterChain : <init> : 52] - Will not secure Ant [pattern='/**/*.html']
2022-10-10 21:51:58 4990 [main] WARN  o.s.s.c.a.web.builders.WebSecurity - [org.springframework.security.config.annotation.web.builders.WebSecurity : performBuild : 294] - You are asking Spring Security to ignore Ant [pattern='/**/*.js']. This is not recommended -- please use permitAll via HttpSecurity#authorizeHttpRequests instead.
2022-10-10 21:51:58 4991 [main] INFO  o.s.s.w.DefaultSecurityFilterChain - [org.springframework.security.web.DefaultSecurityFilterChain : <init> : 52] - Will not secure Ant [pattern='/**/*.js']
2022-10-10 21:51:58 4991 [main] WARN  o.s.s.c.a.web.builders.WebSecurity - [org.springframework.security.config.annotation.web.builders.WebSecurity : performBuild : 294] - You are asking Spring Security to ignore Ant [pattern='/**.json']. This is not recommended -- please use permitAll via HttpSecurity#authorizeHttpRequests instead.
2022-10-10 21:51:58 4991 [main] INFO  o.s.s.w.DefaultSecurityFilterChain - [org.springframework.security.web.DefaultSecurityFilterChain : <init> : 52] - Will not secure Ant [pattern='/**.json']
2022-10-10 21:51:58 4991 [main] WARN  o.s.s.c.a.web.builders.WebSecurity - [org.springframework.security.config.annotation.web.builders.WebSecurity : performBuild : 294] - You are asking Spring Security to ignore Ant [pattern='/**/*.css']. This is not recommended -- please use permitAll via HttpSecurity#authorizeHttpRequests instead.
2022-10-10 21:51:58 4991 [main] INFO  o.s.s.w.DefaultSecurityFilterChain - [org.springframework.security.web.DefaultSecurityFilterChain : <init> : 52] - Will not secure Ant [pattern='/**/*.css']
2022-10-10 21:51:58 4991 [main] WARN  o.s.s.c.a.web.builders.WebSecurity - [org.springframework.security.config.annotation.web.builders.WebSecurity : performBuild : 294] - You are asking Spring Security to ignore Ant [pattern='/**/*.jpg']. This is not recommended -- please use permitAll via HttpSecurity#authorizeHttpRequests instead.
2022-10-10 21:51:58 4991 [main] INFO  o.s.s.w.DefaultSecurityFilterChain - [org.springframework.security.web.DefaultSecurityFilterChain : <init> : 52] - Will not secure Ant [pattern='/**/*.jpg']
2022-10-10 21:51:58 4991 [main] WARN  o.s.s.c.a.web.builders.WebSecurity - [org.springframework.security.config.annotation.web.builders.WebSecurity : performBuild : 294] - You are asking Spring Security to ignore Ant [pattern='/**/*.png']. This is not recommended -- please use permitAll via HttpSecurity#authorizeHttpRequests instead.
2022-10-10 21:51:58 4991 [main] INFO  o.s.s.w.DefaultSecurityFilterChain - [org.springframework.security.web.DefaultSecurityFilterChain : <init> : 52] - Will not secure Ant [pattern='/**/*.png']
2022-10-10 21:51:58 5016 [main] DEBUG o.s.s.w.a.e.ExpressionBasedFilterInvocationSecurityMetadataSource - [org.springframework.security.web.access.expression.ExpressionBasedFilterInvocationSecurityMetadataSource : process : 72] - Adding web access control expression [permitAll] for Ant [pattern='/auth/login']
2022-10-10 21:51:58 5018 [main] DEBUG o.s.s.w.a.e.ExpressionBasedFilterInvocationSecurityMetadataSource - [org.springframework.security.web.access.expression.ExpressionBasedFilterInvocationSecurityMetadataSource : process : 72] - Adding web access control expression [permitAll] for Ant [pattern='/auth/sign']
2022-10-10 21:51:58 5019 [main] DEBUG o.s.s.w.a.e.ExpressionBasedFilterInvocationSecurityMetadataSource - [org.springframework.security.web.access.expression.ExpressionBasedFilterInvocationSecurityMetadataSource : process : 72] - Adding web access control expression [permitAll] for Ant [pattern='/webjars/**']
2022-10-10 21:51:58 5019 [main] DEBUG o.s.s.w.a.e.ExpressionBasedFilterInvocationSecurityMetadataSource - [org.springframework.security.web.access.expression.ExpressionBasedFilterInvocationSecurityMetadataSource : process : 72] - Adding web access control expression [permitAll] for Ant [pattern='/error/**']
2022-10-10 21:51:58 5019 [main] DEBUG o.s.s.w.a.e.ExpressionBasedFilterInvocationSecurityMetadataSource - [org.springframework.security.web.access.expression.ExpressionBasedFilterInvocationSecurityMetadataSource : process : 72] - Adding web access control expression [permitAll] for cn.edu.cumt.ec.shop.config.WebConfig$$Lambda$770/1310342490@283bb8b7
2022-10-10 21:51:58 5019 [main] DEBUG o.s.s.w.a.e.ExpressionBasedFilterInvocationSecurityMetadataSource - [org.springframework.security.web.access.expression.ExpressionBasedFilterInvocationSecurityMetadataSource : process : 72] - Adding web access control expression [authenticated] for any request
2022-10-10 21:51:58 5025 [main] INFO  o.s.s.w.DefaultSecurityFilterChain - [org.springframework.security.web.DefaultSecurityFilterChain : <init> : 55] - Will secure any request with [org.springframework.security.web.context.request.async.WebAsyncManagerIntegrationFilter@49cceb19, org.springframework.security.web.context.SecurityContextPersistenceFilter@73ddb7ef, org.springframework.security.web.header.HeaderWriterFilter@3f122cdc, org.springframework.security.web.authentication.logout.LogoutFilter@e8c84eb, cn.edu.cumt.ec.shop.security.JwtAuthenticationTokenFilter@5ed65e4b, org.springframework.security.web.savedrequest.RequestCacheAwareFilter@141b011a, org.springframework.security.web.servletapi.SecurityContextHolderAwareRequestFilter@492c8137, org.springframework.security.web.authentication.AnonymousAuthenticationFilter@197d5a87, org.springframework.security.web.session.SessionManagementFilter@5e95b0ab, org.springframework.security.web.access.ExceptionTranslationFilter@26a33cf, org.springframework.security.web.access.intercept.FilterSecurityInterceptor@212e39ee]
2022-10-10 21:51:59 5744 [main] INFO  o.a.coyote.http11.Http11NioProtocol - [org.apache.juli.logging.DirectJDKLog : log : 173] - Starting ProtocolHandler ["http-nio-9090"]
2022-10-10 21:51:59 5762 [main] INFO  o.s.b.w.e.tomcat.TomcatWebServer - [org.springframework.boot.web.embedded.tomcat.TomcatWebServer : start : 220] - Tomcat started on port(s): 9090 (http) with context path ''
2022-10-10 21:51:59 5943 [main] WARN  s.d.s.r.o.OperationImplicitParameterReader - [springfox.documentation.swagger.readers.operation.OperationImplicitParameterReader : modelSpecification : 170] - Unable to interpret the implicit parameter configuration with dataType: string, dataTypeClass: class java.lang.Void
2022-10-10 21:51:59 5954 [main] WARN  s.d.s.r.o.OperationImplicitParameterReader - [springfox.documentation.swagger.readers.operation.OperationImplicitParameterReader : modelSpecification : 170] - Unable to interpret the implicit parameter configuration with dataType: string, dataTypeClass: class java.lang.Void
2022-10-10 21:51:59 6102 [main] INFO  cn.edu.cumt.ec.shop.ShopApplication - [org.springframework.boot.StartupInfoLogger : logStarted : 61] - Started ShopApplication in 5.796 seconds (JVM running for 7.619)
2022-10-10 21:53:24 90808 [http-nio-9090-exec-2] INFO  o.a.c.c.C.[Tomcat].[localhost].[/] - [org.apache.juli.logging.DirectJDKLog : log : 173] - Initializing Spring DispatcherServlet 'dispatcherServlet'
2022-10-10 21:53:24 90808 [http-nio-9090-exec-2] INFO  o.s.web.servlet.DispatcherServlet - [org.springframework.web.servlet.FrameworkServlet : initServletBean : 525] - Initializing Servlet 'dispatcherServlet'
2022-10-10 21:53:24 90809 [http-nio-9090-exec-2] INFO  o.s.web.servlet.DispatcherServlet - [org.springframework.web.servlet.FrameworkServlet : initServletBean : 547] - Completed initialization in 1 ms
2022-10-10 21:53:24 90818 [http-nio-9090-exec-2] DEBUG o.s.security.web.FilterChainProxy - [org.springframework.security.web.FilterChainProxy : doFilterInternal : 208] - Securing POST /auth/login
2022-10-10 21:53:24 90824 [http-nio-9090-exec-2] DEBUG o.s.s.w.c.SecurityContextPersistenceFilter - [org.springframework.security.web.context.SecurityContextPersistenceFilter : doFilter : 102] - Set SecurityContextHolder to empty SecurityContext
2022-10-10 21:53:24 90834 [http-nio-9090-exec-2] INFO  c.e.c.e.s.s.JwtAuthenticationTokenFilter - [cn.edu.cumt.ec.shop.security.JwtAuthenticationTokenFilter : doFilterInternal : 69] - Checking authentication for userDetail null.
2022-10-10 21:53:24 90836 [http-nio-9090-exec-2] DEBUG o.s.s.w.a.AnonymousAuthenticationFilter - [org.springframework.security.web.authentication.AnonymousAuthenticationFilter : doFilter : 100] - Set SecurityContextHolder to anonymous SecurityContext
2022-10-10 21:53:24 90842 [http-nio-9090-exec-2] DEBUG o.s.s.w.a.i.FilterSecurityInterceptor - [org.springframework.security.access.intercept.AbstractSecurityInterceptor : beforeInvocation : 210] - Authorized filter invocation [POST /auth/login] with attributes [permitAll]
2022-10-10 21:53:24 90842 [http-nio-9090-exec-2] DEBUG o.s.security.web.FilterChainProxy - [org.springframework.security.web.FilterChainProxy$VirtualFilterChain : doFilter : 323] - Secured POST /auth/login
2022-10-10 21:53:24 91141 [http-nio-9090-exec-2] INFO  com.zaxxer.hikari.HikariDataSource - [com.zaxxer.hikari.HikariDataSource : getConnection : 110] - HikariPool-1 - Starting...
2022-10-10 21:53:25 91943 [http-nio-9090-exec-2] INFO  com.zaxxer.hikari.HikariDataSource - [com.zaxxer.hikari.HikariDataSource : getConnection : 123] - HikariPool-1 - Start completed.
2022-10-10 21:53:25 91949 [http-nio-9090-exec-2] DEBUG c.e.c.e.s.m.U.getJwtUserByPhoneNumber - [org.apache.ibatis.logging.jdbc.BaseJdbcLogger : debug : 137] - ==>  Preparing: select user_id userId, phone_number phoneNumber, email, user_name userName, pwd password, creator_id creatorId, creator_name creatorName, created_datetime creatorDateime, modifier_id, modifier_name, updated_datetime, deleted from `user` where phone_number=?
2022-10-10 21:53:25 91973 [http-nio-9090-exec-2] DEBUG c.e.c.e.s.m.U.getJwtUserByPhoneNumber - [org.apache.ibatis.logging.jdbc.BaseJdbcLogger : debug : 137] - ==> Parameters: 13775899277(String)
2022-10-10 21:53:25 92013 [http-nio-9090-exec-2] DEBUG c.e.c.e.s.m.U.getJwtUserByPhoneNumber - [org.apache.ibatis.logging.jdbc.BaseJdbcLogger : debug : 137] - <==      Total: 1
2022-10-10 21:53:25 92018 [http-nio-9090-exec-2] DEBUG c.e.c.e.s.m.RoleMapper.listByUserId - [org.apache.ibatis.logging.jdbc.BaseJdbcLogger : debug : 137] - ==>  Preparing: select * from role r inner join user_role ur on r.role_id=ur.role_id where ur.user_id=?
2022-10-10 21:53:25 92019 [http-nio-9090-exec-2] DEBUG c.e.c.e.s.m.RoleMapper.listByUserId - [org.apache.ibatis.logging.jdbc.BaseJdbcLogger : debug : 137] - ==> Parameters: 1(Long)
2022-10-10 21:53:25 92033 [http-nio-9090-exec-2] DEBUG c.e.c.e.s.m.RoleMapper.listByUserId - [org.apache.ibatis.logging.jdbc.BaseJdbcLogger : debug : 137] - <==      Total: 1
2022-10-10 21:53:25 92100 [http-nio-9090-exec-2] DEBUG o.s.s.a.d.DaoAuthenticationProvider - [org.springframework.security.authentication.dao.AbstractUserDetailsAuthenticationProvider : createSuccessAuthentication : 199] - Authenticated user
2022-10-10 21:53:27 93367 [http-nio-9090-exec-2] DEBUG o.s.s.w.c.SecurityContextPersistenceFilter - [org.springframework.security.web.context.SecurityContextPersistenceFilter : doFilter : 118] - Cleared SecurityContextHolder to complete request
2022-10-10 21:55:34 221058 [http-nio-9090-exec-3] DEBUG o.s.security.web.FilterChainProxy - [org.springframework.security.web.FilterChainProxy : doFilterInternal : 208] - Securing POST /auth/login
2022-10-10 21:55:34 221059 [http-nio-9090-exec-3] DEBUG o.s.s.w.c.SecurityContextPersistenceFilter - [org.springframework.security.web.context.SecurityContextPersistenceFilter : doFilter : 102] - Set SecurityContextHolder to empty SecurityContext
2022-10-10 21:55:34 221059 [http-nio-9090-exec-3] INFO  c.e.c.e.s.s.JwtAuthenticationTokenFilter - [cn.edu.cumt.ec.shop.security.JwtAuthenticationTokenFilter : doFilterInternal : 69] - Checking authentication for userDetail null.
2022-10-10 21:55:34 221059 [http-nio-9090-exec-3] DEBUG o.s.s.w.a.AnonymousAuthenticationFilter - [org.springframework.security.web.authentication.AnonymousAuthenticationFilter : doFilter : 100] - Set SecurityContextHolder to anonymous SecurityContext
2022-10-10 21:55:34 221060 [http-nio-9090-exec-3] DEBUG o.s.s.w.a.i.FilterSecurityInterceptor - [org.springframework.security.access.intercept.AbstractSecurityInterceptor : beforeInvocation : 210] - Authorized filter invocation [POST /auth/login] with attributes [permitAll]
2022-10-10 21:55:34 221060 [http-nio-9090-exec-3] DEBUG o.s.security.web.FilterChainProxy - [org.springframework.security.web.FilterChainProxy$VirtualFilterChain : doFilter : 323] - Secured POST /auth/login
2022-10-10 21:55:34 221062 [http-nio-9090-exec-3] DEBUG c.e.c.e.s.m.U.getJwtUserByPhoneNumber - [org.apache.ibatis.logging.jdbc.BaseJdbcLogger : debug : 137] - ==>  Preparing: select user_id userId, phone_number phoneNumber, email, user_name userName, pwd password, creator_id creatorId, creator_name creatorName, created_datetime creatorDateime, modifier_id, modifier_name, updated_datetime, deleted from `user` where phone_number=?
2022-10-10 21:55:34 221063 [http-nio-9090-exec-3] DEBUG c.e.c.e.s.m.U.getJwtUserByPhoneNumber - [org.apache.ibatis.logging.jdbc.BaseJdbcLogger : debug : 137] - ==> Parameters: 13775899277(String)
2022-10-10 21:55:34 221064 [http-nio-9090-exec-3] DEBUG c.e.c.e.s.m.U.getJwtUserByPhoneNumber - [org.apache.ibatis.logging.jdbc.BaseJdbcLogger : debug : 137] - <==      Total: 1
2022-10-10 21:55:34 221065 [http-nio-9090-exec-3] DEBUG c.e.c.e.s.m.RoleMapper.listByUserId - [org.apache.ibatis.logging.jdbc.BaseJdbcLogger : debug : 137] - ==>  Preparing: select * from role r inner join user_role ur on r.role_id=ur.role_id where ur.user_id=?
2022-10-10 21:55:34 221066 [http-nio-9090-exec-3] DEBUG c.e.c.e.s.m.RoleMapper.listByUserId - [org.apache.ibatis.logging.jdbc.BaseJdbcLogger : debug : 137] - ==> Parameters: 1(Long)
2022-10-10 21:55:34 221067 [http-nio-9090-exec-3] DEBUG c.e.c.e.s.m.RoleMapper.listByUserId - [org.apache.ibatis.logging.jdbc.BaseJdbcLogger : debug : 137] - <==      Total: 1
2022-10-10 21:55:34 221132 [http-nio-9090-exec-3] DEBUG o.s.s.a.d.DaoAuthenticationProvider - [org.springframework.security.authentication.dao.AbstractUserDetailsAuthenticationProvider : createSuccessAuthentication : 199] - Authenticated user
2022-10-10 21:55:34 221137 [http-nio-9090-exec-3] DEBUG o.s.s.w.c.SecurityContextPersistenceFilter - [org.springframework.security.web.context.SecurityContextPersistenceFilter : doFilter : 118] - Cleared SecurityContextHolder to complete request
